\BOOKMARK [0][-]{section*.7}{\376\377\000I\000n\000t\000r\000o\000d\000u\000c\000t\000i\000o\000n}{}% 1
\BOOKMARK [0][-]{chapter.8}{\376\377\000P\000l\000a\000n\000e\000t\000L\000a\000b\000\040\000N\000e\000t\000w\000o\000r\000k}{}% 2
\BOOKMARK [1][-]{section.11}{\376\377\000U\000s\000e\000\040\000a\000n\000d\000\040\000T\000e\000r\000m\000i\000n\000o\000l\000o\000g\000y}{chapter.8}% 3
\BOOKMARK [1][-]{section.12}{\376\377\000S\000e\000l\000e\000c\000t\000e\000d\000\040\000P\000r\000o\000j\000e\000c\000t\000s\000\040\000B\000a\000s\000e\000d\000\040\000o\000n\000\040\000P\000l\000a\000n\000e\000t\000L\000a\000b}{chapter.8}% 4
\BOOKMARK [1][-]{section.16}{\376\377\000P\000l\000a\000n\000e\000t\000L\000a\000b\000\040\000I\000n\000f\000t\000r\000a\000s\000t\000r\000u\000c\000t\000u\000r\000e}{chapter.8}% 5
\BOOKMARK [2][-]{subsection.17}{\376\377\000O\000p\000e\000r\000a\000t\000i\000n\000g\000\040\000S\000y\000s\000t\000e\000m\000\040\000L\000i\000n\000u\000x}{section.16}% 6
\BOOKMARK [2][-]{subsection.23}{\376\377\000D\000i\000s\000t\000r\000i\000b\000u\000t\000e\000d\000\040\000S\000e\000t\000\040\000o\000f\000\040\000R\000e\000s\000o\000u\000r\000c\000e\000s\000\040\000U\000s\000i\000n\000g\000\040\000V\000i\000r\000t\000u\000a\000l\000i\000z\000a\000t\000i\000o\000n}{section.16}% 7
\BOOKMARK [0][-]{chapter.29}{\376\377\000P\000r\000e\000v\000i\000o\000u\000s\000\040\000S\000t\000a\000t\000e\000\040\000O\000f\000\040\000A\000p\000p\000l\000i\000c\000a\000t\000i\000o\000n\000\040\000D\000e\000v\000e\000l\000o\000p\000m\000e\000n\000t}{}% 8
\BOOKMARK [1][-]{section.31}{\376\377\000D\000e\000s\000c\000r\000i\000p\000t\000i\000o\000n\000\040\000o\000f\000\040\000C\000u\000r\000r\000e\000n\000t\000\040\000F\000u\000n\000c\000t\000i\000o\000n\000a\000l\000i\000t\000y}{chapter.29}% 9
\BOOKMARK [1][-]{section.33}{\376\377\000I\000d\000e\000n\000t\000i\000f\000i\000e\000d\000\040\000P\000r\000o\000b\000l\000e\000m\000s}{chapter.29}% 10
\BOOKMARK [0][-]{chapter.34}{\376\377\000I\000m\000p\000l\000e\000m\000e\000n\000t\000e\000d\000\040\000I\000m\000p\000r\000o\000v\000e\000m\000e\000n\000t\000s\000\040\000t\000o\000\040\000P\000l\000a\000n\000e\000t\000L\000a\000b\000\040\000S\000e\000r\000v\000e\000r\000\040\000M\000a\000n\000a\000g\000e\000r}{}% 11
\BOOKMARK [1][-]{section.35}{\376\377\000R\000e\000-\000d\000e\000s\000i\000g\000n\000\040\000o\000f\000\040\000A\000p\000p\000l\000i\000c\000a\000t\000i\000o\000n}{chapter.34}% 12
\BOOKMARK [1][-]{section.37}{\376\377\000D\000e\000s\000c\000r\000i\000p\000t\000i\000o\000n\000\040\000o\000f\000\040\000I\000m\000p\000r\000o\000v\000e\000m\000e\000n\000t\000s}{chapter.34}% 13
\BOOKMARK [2][-]{subsection.38}{\376\377\000R\000e\000m\000o\000v\000a\000l\000\040\000o\000f\000\040\000S\000e\000a\000r\000c\000h\000\040\000R\000e\000s\000u\000l\000t\000\040\000L\000i\000m\000i\000t\000a\000t\000i\000o\000n}{section.37}% 14
\BOOKMARK [2][-]{subsection.48}{\376\377\000W\000r\000i\000t\000i\000n\000g\000\040\000t\000h\000e\000\040\000A\000p\000p\000l\000i\000c\000a\000t\000i\000o\000n\000\040\000a\000s\000\040\000L\000i\000b\000r\000a\000r\000y}{section.37}% 15
\BOOKMARK [2][-]{subsection.53}{\376\377\000C\000o\000d\000e\000\040\000R\000e\000a\000d\000a\000b\000i\000l\000i\000t\000y\000\040\000I\000m\000p\000r\000o\000v\000e\000m\000e\000n\000t}{section.37}% 16
\BOOKMARK [2][-]{subsection.77}{\376\377\000R\000e\000m\000o\000v\000a\000l\000\040\000o\000f\000\040\000P\000r\000e\000\040\000a\000n\000d\000\040\000P\000o\000s\000t\000\040\000I\000n\000s\000t\000a\000l\000l\000a\000t\000i\000o\000n\000\040\000S\000t\000e\000p\000s}{section.37}% 17
\BOOKMARK [2][-]{subsection.89}{\376\377\000I\000m\000p\000r\000o\000v\000e\000m\000e\000n\000t\000\040\000o\000f\000\040\000C\000r\000e\000d\000e\000n\000t\000i\000a\000l\000s\000\040\000M\000a\000n\000a\000g\000e\000m\000e\000n\000t}{section.37}% 18
\BOOKMARK [2][-]{subsection.91}{\376\377\000A\000p\000p\000l\000i\000c\000a\000t\000i\000o\000n\000\040\000F\000o\000l\000d\000e\000r\000\040\000S\000t\000r\000u\000c\000t\000u\000r\000e\000\040\000R\000e\000-\000d\000e\000s\000i\000g\000n}{section.37}% 19
\BOOKMARK [2][-]{subsection.92}{\376\377\000F\000i\000l\000t\000e\000r\000i\000n\000g\000\040\000N\000o\000d\000e\000s\000\040\000B\000a\000s\000e\000d\000\040\000o\000n\000\040\000A\000c\000c\000e\000s\000s\000i\000b\000i\000l\000i\000t\000y}{section.37}% 20
\BOOKMARK [2][-]{subsection.95}{\376\377\000M\000u\000l\000t\000i\000p\000r\000o\000c\000e\000s\000s\000i\000n\000g\000\040\000U\000p\000d\000a\000t\000e\000\040\000o\000f\000\040\000S\000t\000a\000t\000u\000s\000\040\000D\000a\000t\000a\000b\000a\000s\000e}{section.37}% 21
\BOOKMARK [2][-]{subsection.105}{\376\377\000I\000m\000p\000r\000o\000v\000e\000m\000e\000n\000t\000s\000\040\000o\000f\000\040\000N\000o\000d\000e\000\040\000V\000i\000s\000u\000a\000l\000i\000z\000a\000t\000i\000o\000n}{section.37}% 22
\BOOKMARK [2][-]{subsection.107}{\376\377\000M\000i\000n\000o\000r\000\040\000I\000m\000p\000r\000o\000v\000e\000m\000e\000n\000t\000s}{section.37}% 23
\BOOKMARK [2][-]{subsection.147}{\376\377\000M\000i\000n\000o\000r\000\040\000B\000u\000g\000\040\000F\000i\000x\000e\000s}{section.37}% 24
\BOOKMARK [1][-]{section.150}{\376\377\000I\000m\000p\000r\000o\000v\000e\000d\000\040\000I\000n\000s\000t\000a\000l\000l\000a\000t\000i\000o\000n\000\040\000a\000n\000d\000\040\000U\000s\000e\000\040\000o\000f\000\040\000A\000p\000p\000l\000i\000c\000a\000t\000i\000o\000n}{chapter.34}% 25
\BOOKMARK [0][-]{chapter.162}{\376\377\000P\000l\000a\000n\000e\000t\000L\000a\000b\000\040\000S\000e\000r\000v\000e\000r\000\040\000M\000a\000n\000a\000g\000e\000r\000\040\000U\000s\000e\000\040\000C\000a\000s\000e\000s}{}% 26
\BOOKMARK [1][-]{section.163}{\376\377\000P\000l\000a\000n\000e\000t\000L\000a\000b\000\040\000N\000e\000t\000w\000o\000r\000k\000\040\000A\000n\000a\000l\000y\000s\000i\000s\000\040\000U\000s\000i\000n\000g\000\040\000P\000l\000b\000m\000n\000g\000\040\000T\000o\000o\000l}{chapter.162}% 27
\BOOKMARK [1][-]{section.170}{\376\377\000T\000e\000s\000t\000i\000n\000g\000\040\000N\000e\000t\000w\000o\000r\000k\000\040\000P\000r\000o\000j\000e\000c\000t\000s\000\040\000w\000i\000t\000h\000\040\000P\000l\000a\000n\000e\000t\000\040\000L\000a\000b\000\040\000S\000e\000r\000v\000e\000r\000\040\000M\000a\000n\000a\000g\000e\000r}{chapter.162}% 28
\BOOKMARK [0][-]{chapter.208}{\376\377\000C\000o\000n\000c\000l\000u\000s\000i\000o\000n}{}% 29
\BOOKMARK [0][-]{section*.211}{\376\377\000B\000i\000b\000l\000i\000o\000g\000r\000a\000p\000h\000y}{}% 30
\BOOKMARK [0][-]{section*.213}{\376\377\000L\000i\000s\000t\000\040\000o\000f\000\040\000s\000y\000m\000b\000o\000l\000s\000,\000\040\000p\000h\000y\000s\000i\000c\000a\000l\000\040\000c\000o\000n\000s\000t\000a\000n\000t\000s\000\040\000a\000n\000d\000\040\000a\000b\000b\000r\000e\000v\000i\000a\000t\000i\000o\000n\000s}{}% 31
